<?xml version="1.0" encoding="UTF-8"?>
<!-- Generated by org.testng.reporters.JUnitReportReporter -->
<testsuite hostname="DESKTOP-FSPHPC9" failures="0" tests="1" name="Practice.E2EProject.Home" time="42.912" errors="0" timestamp="8 Feb 2021 17:08:03 GMT">
  <testcase classname="Practice.E2EProject.Home" name="baseNavigationPage" time="42.912"/>
</testsuite> <!-- Practice.E2EProject.Home -->
