<?xml version="1.0" encoding="UTF-8"?>
<!-- Generated by org.testng.reporters.JUnitReportReporter -->
<testsuite hostname="DESKTOP-FSPHPC9" failures="0" tests="1" name="Practice.E2EProject.ValidatingRegisterButton" time="0.211" errors="0" timestamp="8 Feb 2021 17:08:03 GMT">
  <testcase classname="Practice.E2EProject.ValidatingRegisterButton" name="baseNavigationPage" time="0.211"/>
</testsuite> <!-- Practice.E2EProject.ValidatingRegisterButton -->
