<?xml version="1.0" encoding="UTF-8"?>
<!-- Generated by org.testng.reporters.JUnitReportReporter -->
<testsuite hostname="DESKTOP-FSPHPC9" failures="0" tests="1" name="Practice.E2EProject.ValidatingTitle" time="0.955" errors="0" timestamp="5 Feb 2021 20:09:31 GMT">
  <testcase classname="Practice.E2EProject.ValidatingTitle" name="baseNavigationPage" time="0.955"/>
</testsuite> <!-- Practice.E2EProject.ValidatingTitle -->
