<?xml version="1.0" encoding="UTF-8"?>
<!-- Generated by org.testng.reporters.JUnitReportReporter -->
<testsuite hostname="DESKTOP-FSPHPC9" failures="0" tests="1" name="Practice.E2EProject.ValidatingRegisterButton" time="1.056" errors="0" timestamp="5 Feb 2021 20:09:31 GMT">
  <testcase classname="Practice.E2EProject.ValidatingRegisterButton" name="baseNavigationPage" time="1.056"/>
</testsuite> <!-- Practice.E2EProject.ValidatingRegisterButton -->
